<?xml version="1.0" encoding="UTF-8"?>
<robot generator="Robot 7.1.1 (Python 3.10.12 on linux)" generated="2024-11-13T10:32:16.089683" rpa="false" schemaversion="5">
<suite id="s1" name="Tests" source="/home/varkkiha/webcounter/webcounter/src/tests">
<suite id="s1-s1" name="Increment" source="/home/varkkiha/webcounter/webcounter/src/tests/increment.robot">
<kw name="Open And Configure Browser" owner="resource" type="SETUP">
<if>
<branch type="IF" condition="$BROWSER == 'chrome'">
<kw name="Evaluate" owner="BuiltIn">
<msg time="2024-11-13T10:32:16.167684" level="INFO">${options} = &lt;selenium.webdriver.chrome.options.Options object at 0x7959ac8b54e0&gt;</msg>
<var>${options}</var>
<arg>sys.modules['selenium.webdriver'].ChromeOptions()</arg>
<arg>sys</arg>
<doc>Evaluates the given expression in Python and returns the result.</doc>
<status status="PASS" start="2024-11-13T10:32:16.167484" elapsed="0.000227"/>
</kw>
<status status="PASS" start="2024-11-13T10:32:16.165796" elapsed="0.001962"/>
</branch>
<branch type="ELSE IF" condition="$BROWSER == 'firefox'">
<kw name="Evaluate" owner="BuiltIn">
<var>${options}</var>
<arg>sys.modules['selenium.webdriver'].FirefoxOptions()</arg>
<arg>sys</arg>
<doc>Evaluates the given expression in Python and returns the result.</doc>
<status status="NOT RUN" start="2024-11-13T10:32:16.167899" elapsed="0.000019"/>
</kw>
<status status="NOT RUN" start="2024-11-13T10:32:16.167786" elapsed="0.000163"/>
</branch>
<status status="PASS" start="2024-11-13T10:32:16.165778" elapsed="0.002190"/>
</if>
<if>
<branch type="IF" condition="$HEADLESS == 'true'">
<kw name="Set Selenium Speed" owner="SeleniumLibrary">
<arg>0</arg>
<doc>Sets the delay that is waited after each Selenium command.</doc>
<status status="PASS" start="2024-11-13T10:32:16.168116" elapsed="0.000124"/>
</kw>
<kw name="Call Method" owner="BuiltIn">
<arg>${options}</arg>
<arg>add_argument</arg>
<arg>--headless</arg>
<doc>Calls the named method of the given object with the provided arguments.</doc>
<status status="PASS" start="2024-11-13T10:32:16.168312" elapsed="0.000098"/>
</kw>
<status status="PASS" start="2024-11-13T10:32:16.168003" elapsed="0.000439"/>
</branch>
<branch type="ELSE">
<kw name="Set Selenium Speed" owner="SeleniumLibrary">
<arg>${DELAY}</arg>
<doc>Sets the delay that is waited after each Selenium command.</doc>
<status status="NOT RUN" start="2024-11-13T10:32:16.168521" elapsed="0.000015"/>
</kw>
<status status="NOT RUN" start="2024-11-13T10:32:16.168463" elapsed="0.000096"/>
</branch>
<status status="PASS" start="2024-11-13T10:32:16.167994" elapsed="0.000582"/>
</if>
<kw name="Open Browser" owner="SeleniumLibrary">
<msg time="2024-11-13T10:32:16.168789" level="INFO">Opening browser 'chrome' to base url 'None'.</msg>
<msg time="2024-11-13T10:32:16.202521" level="WARN">The chromedriver version (130.0.6723.91) detected in PATH at /usr/bin/chromedriver might not be compatible with the detected chrome version (131.0.6778.69); currently, chromedriver 131.0.6778.69 is recommended for chrome 131.*, so it is advised to delete the driver in PATH and retry</msg>
<arg>browser=${BROWSER}</arg>
<arg>options=${options}</arg>
<doc>Opens a new browser instance to the optional ``url``.</doc>
<status status="PASS" start="2024-11-13T10:32:16.168631" elapsed="0.192770"/>
</kw>
<status status="PASS" start="2024-11-13T10:32:16.165633" elapsed="0.195876"/>
</kw>
<test id="s1-s1-t1" name="At start the counter is zero" line="7">
<kw name="Go To" owner="SeleniumLibrary">
<msg time="2024-11-13T10:32:16.362149" level="INFO">Opening url 'http://localhost:5001'</msg>
<arg>${HOME_URL}</arg>
<doc>Navigates the current browser window to the provided ``url``.</doc>
<status status="PASS" start="2024-11-13T10:32:16.361965" elapsed="0.030366"/>
</kw>
<kw name="Title Should Be" owner="SeleniumLibrary">
<msg time="2024-11-13T10:32:16.396544" level="INFO">Page title is 'Laskuri'.</msg>
<arg>Laskuri</arg>
<doc>Verifies that the current page title equals ``title``.</doc>
<status status="PASS" start="2024-11-13T10:32:16.392711" elapsed="0.003938"/>
</kw>
<kw name="Page Should Contain" owner="SeleniumLibrary">
<msg time="2024-11-13T10:32:16.407286" level="INFO">Current page contains text 'nappia painettu 0 kertaa'.</msg>
<arg>nappia painettu 0 kertaa</arg>
<doc>Verifies that current page contains ``text``.</doc>
<status status="PASS" start="2024-11-13T10:32:16.396903" elapsed="0.010502"/>
</kw>
<status status="PASS" start="2024-11-13T10:32:16.361587" elapsed="0.046066"/>
</test>
<test id="s1-s1-t2" name="When button pressed twice the counter is two" line="12">
<kw name="Go To" owner="SeleniumLibrary">
<msg time="2024-11-13T10:32:16.408436" level="INFO">Opening url 'http://localhost:5001'</msg>
<arg>${HOME_URL}</arg>
<doc>Navigates the current browser window to the provided ``url``.</doc>
<status status="PASS" start="2024-11-13T10:32:16.408260" elapsed="0.011847"/>
</kw>
<kw name="Click Button" owner="SeleniumLibrary">
<msg time="2024-11-13T10:32:16.420679" level="INFO">Clicking button 'Paina'.</msg>
<arg>Paina</arg>
<doc>Clicks the button identified by ``locator``.</doc>
<status status="PASS" start="2024-11-13T10:32:16.420392" elapsed="0.048656"/>
</kw>
<kw name="Click Button" owner="SeleniumLibrary">
<msg time="2024-11-13T10:32:16.469541" level="INFO">Clicking button 'Paina'.</msg>
<arg>Paina</arg>
<doc>Clicks the button identified by ``locator``.</doc>
<status status="PASS" start="2024-11-13T10:32:16.469343" elapsed="0.040666"/>
</kw>
<kw name="Page Should Contain" owner="SeleniumLibrary">
<msg time="2024-11-13T10:32:16.524327" level="INFO">Current page contains text 'nappia painettu 2 kertaa'.</msg>
<arg>nappia painettu 2 kertaa</arg>
<doc>Verifies that current page contains ``text``.</doc>
<status status="PASS" start="2024-11-13T10:32:16.510405" elapsed="0.014040"/>
</kw>
<status status="PASS" start="2024-11-13T10:32:16.407914" elapsed="0.116783"/>
</test>
<kw name="Close Browser" owner="SeleniumLibrary" type="TEARDOWN">
<doc>Closes the current browser.</doc>
<status status="PASS" start="2024-11-13T10:32:16.525244" elapsed="0.062838"/>
</kw>
<status status="PASS" start="2024-11-13T10:32:16.100355" elapsed="0.487904"/>
</suite>
<suite id="s1-s2" name="Reset" source="/home/varkkiha/webcounter/webcounter/src/tests/reset.robot">
<kw name="Open And Configure Browser" owner="resource" type="SETUP">
<if>
<branch type="IF" condition="$BROWSER == 'chrome'">
<kw name="Evaluate" owner="BuiltIn">
<msg time="2024-11-13T10:32:16.593947" level="INFO">${options} = &lt;selenium.webdriver.chrome.options.Options object at 0x7959ac7515a0&gt;</msg>
<var>${options}</var>
<arg>sys.modules['selenium.webdriver'].ChromeOptions()</arg>
<arg>sys</arg>
<doc>Evaluates the given expression in Python and returns the result.</doc>
<status status="PASS" start="2024-11-13T10:32:16.593531" elapsed="0.000469"/>
</kw>
<status status="PASS" start="2024-11-13T10:32:16.593154" elapsed="0.000947"/>
</branch>
<branch type="ELSE IF" condition="$BROWSER == 'firefox'">
<kw name="Evaluate" owner="BuiltIn">
<var>${options}</var>
<arg>sys.modules['selenium.webdriver'].FirefoxOptions()</arg>
<arg>sys</arg>
<doc>Evaluates the given expression in Python and returns the result.</doc>
<status status="NOT RUN" start="2024-11-13T10:32:16.594317" elapsed="0.000040"/>
</kw>
<status status="NOT RUN" start="2024-11-13T10:32:16.594157" elapsed="0.000265"/>
</branch>
<status status="PASS" start="2024-11-13T10:32:16.593121" elapsed="0.001345"/>
</if>
<if>
<branch type="IF" condition="$HEADLESS == 'true'">
<kw name="Set Selenium Speed" owner="SeleniumLibrary">
<arg>0</arg>
<doc>Sets the delay that is waited after each Selenium command.</doc>
<status status="PASS" start="2024-11-13T10:32:16.594775" elapsed="0.000231"/>
</kw>
<kw name="Call Method" owner="BuiltIn">
<arg>${options}</arg>
<arg>add_argument</arg>
<arg>--headless</arg>
<doc>Calls the named method of the given object with the provided arguments.</doc>
<status status="PASS" start="2024-11-13T10:32:16.595152" elapsed="0.000246"/>
</kw>
<status status="PASS" start="2024-11-13T10:32:16.594534" elapsed="0.000928"/>
</branch>
<branch type="ELSE">
<kw name="Set Selenium Speed" owner="SeleniumLibrary">
<arg>${DELAY}</arg>
<doc>Sets the delay that is waited after each Selenium command.</doc>
<status status="NOT RUN" start="2024-11-13T10:32:16.595621" elapsed="0.000096"/>
</kw>
<status status="NOT RUN" start="2024-11-13T10:32:16.595507" elapsed="0.000267"/>
</branch>
<status status="PASS" start="2024-11-13T10:32:16.594516" elapsed="0.001293"/>
</if>
<kw name="Open Browser" owner="SeleniumLibrary">
<msg time="2024-11-13T10:32:16.596252" level="INFO">Opening browser 'chrome' to base url 'None'.</msg>
<msg time="2024-11-13T10:32:16.642531" level="WARN">The chromedriver version (130.0.6723.91) detected in PATH at /usr/bin/chromedriver might not be compatible with the detected chrome version (131.0.6778.69); currently, chromedriver 131.0.6778.69 is recommended for chrome 131.*, so it is advised to delete the driver in PATH and retry</msg>
<arg>browser=${BROWSER}</arg>
<arg>options=${options}</arg>
<doc>Opens a new browser instance to the optional ``url``.</doc>
<status status="PASS" start="2024-11-13T10:32:16.595951" elapsed="0.224354"/>
</kw>
<status status="PASS" start="2024-11-13T10:32:16.592866" elapsed="0.227552"/>
</kw>
<test id="s1-s2-t1" name="When counter has a nonzero value and it is reset the value becomes zero" line="7">
<kw name="Go To" owner="SeleniumLibrary">
<msg time="2024-11-13T10:32:16.821023" level="INFO">Opening url 'http://localhost:5001'</msg>
<arg>${HOME_URL}</arg>
<doc>Navigates the current browser window to the provided ``url``.</doc>
<status status="PASS" start="2024-11-13T10:32:16.820842" elapsed="0.025673"/>
</kw>
<kw name="Click Button" owner="SeleniumLibrary">
<msg time="2024-11-13T10:32:16.847139" level="INFO">Clicking button 'Nollaa'.</msg>
<arg>Nollaa</arg>
<doc>Clicks the button identified by ``locator``.</doc>
<status status="PASS" start="2024-11-13T10:32:16.846908" elapsed="0.046713"/>
</kw>
<kw name="Page Should Contain" owner="SeleniumLibrary">
<msg time="2024-11-13T10:32:16.905566" level="INFO">Current page contains text 'nappia painettu 0 kertaa'.</msg>
<arg>nappia painettu 0 kertaa</arg>
<doc>Verifies that current page contains ``text``.</doc>
<status status="PASS" start="2024-11-13T10:32:16.893973" elapsed="0.011722"/>
</kw>
<status status="PASS" start="2024-11-13T10:32:16.820495" elapsed="0.085477"/>
</test>
<kw name="Close Browser" owner="SeleniumLibrary" type="TEARDOWN">
<doc>Closes the current browser.</doc>
<status status="PASS" start="2024-11-13T10:32:16.906473" elapsed="0.062811"/>
</kw>
<status status="PASS" start="2024-11-13T10:32:16.589423" elapsed="0.380027"/>
</suite>
<status status="PASS" start="2024-11-13T10:32:16.090229" elapsed="0.880683"/>
</suite>
<statistics>
<total>
<stat pass="3" fail="0" skip="0">All Tests</stat>
</total>
<tag>
</tag>
<suite>
<stat pass="3" fail="0" skip="0" id="s1" name="Tests">Tests</stat>
<stat pass="2" fail="0" skip="0" id="s1-s1" name="Increment">Tests.Increment</stat>
<stat pass="1" fail="0" skip="0" id="s1-s2" name="Reset">Tests.Reset</stat>
</suite>
</statistics>
<errors>
<msg time="2024-11-13T10:32:16.202521" level="WARN">The chromedriver version (130.0.6723.91) detected in PATH at /usr/bin/chromedriver might not be compatible with the detected chrome version (131.0.6778.69); currently, chromedriver 131.0.6778.69 is recommended for chrome 131.*, so it is advised to delete the driver in PATH and retry</msg>
<msg time="2024-11-13T10:32:16.642531" level="WARN">The chromedriver version (130.0.6723.91) detected in PATH at /usr/bin/chromedriver might not be compatible with the detected chrome version (131.0.6778.69); currently, chromedriver 131.0.6778.69 is recommended for chrome 131.*, so it is advised to delete the driver in PATH and retry</msg>
</errors>
</robot>
